# JRE version: OpenJDK Runtime Environment (11.0.11+9) (build 11.0.11+9-b60-7590822)
# Java VM: OpenJDK 64-Bit Server VM (11.0.11+9-b60-7590822, mixed mode, tiered, compressed oops, g1 gc, windows-amd64)
Heap:
 garbage-first heap   total 283648K, used 150976K [0x0000000080000000, 0x0000000100000000)
  region size 1024K, 6 young (6144K), 6 survivors (6144K)
 Metaspace       used 98146K, capacity 100555K, committed 101068K, reserved 1136640K
  class space    used 12932K, capacity 13846K, committed 14028K, reserved 1048576K
GC Heap History (20 events):
Event: 13.448 GC heap after
{Heap after GC invocations=18 (full 0):
 garbage-first heap   total 189440K, used 66345K [0x0000000080000000, 0x0000000100000000)
  region size 1024K, 10 young (10240K), 10 survivors (10240K)
 Metaspace       used 75022K, capacity 76695K, committed 77004K, reserved 1116160K
  class space    used 9737K, capacity 10389K, committed 10444K, reserved 1048576K
}
Event: 15.463 GC heap before
{Heap before GC invocations=18 (full 0):
 garbage-first heap   total 189440K, used 143145K [0x0000000080000000, 0x0000000100000000)
  region size 1024K, 85 young (87040K), 10 survivors (10240K)
 Metaspace       used 82882K, capacity 84776K, committed 84940K, reserved 1122304K
  class space    used 10868K, capacity 11597K, committed 11724K, reserved 1048576K
}
Event: 15.479 GC heap after
{Heap after GC invocations=19 (full 0):
 garbage-first heap   total 189440K, used 71377K [0x0000000080000000, 0x0000000100000000)
  region size 1024K, 10 young (10240K), 10 survivors (10240K)
 Metaspace       used 82882K, capacity 84776K, committed 84940K, reserved 1122304K
  class space    used 10868K, capacity 11597K, committed 11724K, reserved 1048576K
}
Event: 16.657 GC heap before
{Heap before GC invocations=19 (full 0):
 garbage-first heap   total 189440K, used 146129K [0x0000000080000000, 0x0000000100000000)
  region size 1024K, 84 young (86016K), 10 survivors (10240K)
 Metaspace       used 85227K, capacity 87402K, committed 87500K, reserved 1124352K
  class space    used 11117K, capacity 11947K, committed 11980K, reserved 1048576K
}
Event: 16.676 GC heap after
{Heap after GC invocations=20 (full 0):
 garbage-first heap   total 189440K, used 76218K [0x0000000080000000, 0x0000000100000000)
  region size 1024K, 10 young (10240K), 10 survivors (10240K)
 Metaspace       used 85227K, capacity 87402K, committed 87500K, reserved 1124352K
  class space    used 11117K, capacity 11947K, committed 11980K, reserved 1048576K
}
Event: 17.665 GC heap before
{Heap before GC invocations=20 (full 0):
 garbage-first heap   total 189440K, used 148922K [0x0000000080000000, 0x0000000100000000)
  region size 1024K, 82 young (83968K), 10 survivors (10240K)
 Metaspace       used 88959K, capacity 91053K, committed 91340K, reserved 1128448K
  class space    used 11577K, capacity 12368K, committed 12492K, reserved 1048576K
}
Event: 17.682 GC heap after
{Heap after GC invocations=21 (full 0):
 garbage-first heap   total 189440K, used 80826K [0x0000000080000000, 0x0000000100000000)
  region size 1024K, 10 young (10240K), 10 survivors (10240K)
 Metaspace       used 88959K, capacity 91053K, committed 91340K, reserved 1128448K
  class space    used 11577K, capacity 12368K, committed 12492K, reserved 1048576K
}
Event: 18.068 GC heap before
{Heap before GC invocations=21 (full 0):
 garbage-first heap   total 189440K, used 152506K [0x0000000080000000, 0x0000000100000000)
  region size 1024K, 80 young (81920K), 10 survivors (10240K)
 Metaspace       used 90644K, capacity 92811K, committed 93004K, reserved 1130496K
  class space    used 11800K, capacity 12607K, committed 12620K, reserved 1048576K
}
Event: 18.088 GC heap after
{Heap after GC invocations=22 (full 0):
 garbage-first heap   total 189440K, used 97279K [0x0000000080000000, 0x0000000100000000)
  region size 1024K, 10 young (10240K), 10 survivors (10240K)
 Metaspace       used 90644K, capacity 92811K, committed 93004K, reserved 1130496K
  class space    used 11800K, capacity 12607K, committed 12620K, reserved 1048576K
}
Event: 18.519 GC heap before
{Heap before GC invocations=22 (full 0):
 garbage-first heap   total 189440K, used 148479K [0x0000000080000000, 0x0000000100000000)
  region size 1024K, 61 young (62464K), 10 survivors (10240K)
 Metaspace       used 93480K, capacity 95813K, committed 95948K, reserved 1132544K
  class space    used 12247K, capacity 13138K, committed 13260K, reserved 1048576K
}
Event: 18.542 GC heap after
{Heap after GC invocations=23 (full 0):
 garbage-first heap   total 189440K, used 103424K [0x0000000080000000, 0x0000000100000000)
  region size 1024K, 8 young (8192K), 8 survivors (8192K)
 Metaspace       used 93480K, capacity 95813K, committed 95948K, reserved 1132544K
  class space    used 12247K, capacity 13138K, committed 13260K, reserved 1048576K
}
Event: 18.969 GC heap before
{Heap before GC invocations=24 (full 0):
 garbage-first heap   total 189440K, used 148480K [0x0000000080000000, 0x0000000100000000)
  region size 1024K, 53 young (54272K), 8 survivors (8192K)
 Metaspace       used 94795K, capacity 97109K, committed 97740K, reserved 1134592K
  class space    used 12408K, capacity 13287K, committed 13516K, reserved 1048576K
}
Event: 18.995 GC heap after
{Heap after GC invocations=25 (full 0):
 garbage-first heap   total 227328K, used 110577K [0x0000000080000000, 0x0000000100000000)
  region size 1024K, 7 young (7168K), 7 survivors (7168K)
 Metaspace       used 94795K, capacity 97109K, committed 97740K, reserved 1134592K
  class space    used 12408K, capacity 13287K, committed 13516K, reserved 1048576K
}
Event: 19.258 GC heap before
{Heap before GC invocations=25 (full 0):
 garbage-first heap   total 227328K, used 167921K [0x0000000080000000, 0x0000000100000000)
  region size 1024K, 64 young (65536K), 7 survivors (7168K)
 Metaspace       used 95754K, capacity 98138K, committed 98252K, reserved 1134592K
  class space    used 12574K, capacity 13490K, committed 13516K, reserved 1048576K
}
Event: 19.306 GC heap after
{Heap after GC invocations=26 (full 0):
 garbage-first heap   total 227328K, used 122880K [0x0000000080000000, 0x0000000100000000)
  region size 1024K, 8 young (8192K), 8 survivors (8192K)
 Metaspace       used 95754K, capacity 98138K, committed 98252K, reserved 1134592K
  class space    used 12574K, capacity 13490K, committed 13516K, reserved 1048576K
}
Event: 19.658 GC heap before
{Heap before GC invocations=26 (full 0):
 garbage-first heap   total 227328K, used 175104K [0x0000000080000000, 0x0000000100000000)
  region size 1024K, 59 young (60416K), 8 survivors (8192K)
 Metaspace       used 96752K, capacity 99025K, committed 99788K, reserved 1134592K
  class space    used 12698K, capacity 13551K, committed 13772K, reserved 1048576K
}
Event: 19.690 GC heap after
{Heap after GC invocations=27 (full 0):
 garbage-first heap   total 227328K, used 133852K [0x0000000080000000, 0x0000000100000000)
  region size 1024K, 8 young (8192K), 8 survivors (8192K)
 Metaspace       used 96752K, capacity 99025K, committed 99788K, reserved 1134592K
  class space    used 12698K, capacity 13551K, committed 13772K, reserved 1048576K
}
Event: 19.869 GC heap before
{Heap before GC invocations=28 (full 0):
 garbage-first heap   total 227328K, used 179932K [0x0000000080000000, 0x0000000100000000)
  region size 1024K, 54 young (55296K), 8 survivors (8192K)
 Metaspace       used 97318K, capacity 99641K, committed 100172K, reserved 1136640K
  class space    used 12788K, capacity 13691K, committed 13900K, reserved 1048576K
}
Event: 19.899 GC heap after
{Heap after GC invocations=29 (full 0):
 garbage-first heap   total 227328K, used 142829K [0x0000000080000000, 0x0000000100000000)
  region size 1024K, 7 young (7168K), 7 survivors (7168K)
 Metaspace       used 97318K, capacity 99641K, committed 100172K, reserved 1136640K
  class space    used 12788K, capacity 13691K, committed 13900K, reserved 1048576K
}
Event: 20.045 GC heap before
{Heap before GC invocations=29 (full 0):
 garbage-first heap   total 227328K, used 182765K [0x0000000080000000, 0x0000000100000000)
  region size 1024K, 47 young (48128K), 7 survivors (7168K)
 Metaspace       used 98146K, capacity 100555K, committed 101068K, reserved 1136640K
  class space    used 12932K, capacity 13846K, committed 14028K, reserved 1048576K
}

