# JRE version: OpenJDK Runtime Environment (11.0.11+9) (build 11.0.11+9-b60-7590822)
# Java VM: OpenJDK 64-Bit Server VM (11.0.11+9-b60-7590822, mixed mode, tiered, compressed oops, g1 gc, windows-amd64)
Heap:
 garbage-first heap   total 157696K, used 95072K [0x0000000080000000, 0x0000000100000000)
  region size 1024K, 66 young (67584K), 7 survivors (7168K)
 Metaspace       used 48013K, capacity 49238K, committed 49356K, reserved 1091584K
  class space    used 6124K, capacity 6596K, committed 6604K, reserved 1048576K
GC Heap History (16 events):
Event: 0.939 GC heap before
{Heap before GC invocations=0 (full 0):
 garbage-first heap   total 131072K, used 29696K [0x0000000080000000, 0x0000000100000000)
  region size 1024K, 24 young (24576K), 0 survivors (0K)
 Metaspace       used 9858K, capacity 10050K, committed 10112K, reserved 1058816K
  class space    used 1028K, capacity 1102K, committed 1152K, reserved 1048576K
}
Event: 0.948 GC heap after
{Heap after GC invocations=1 (full 0):
 garbage-first heap   total 131072K, used 9105K [0x0000000080000000, 0x0000000100000000)
  region size 1024K, 3 young (3072K), 3 survivors (3072K)
 Metaspace       used 9858K, capacity 10050K, committed 10112K, reserved 1058816K
  class space    used 1028K, capacity 1102K, committed 1152K, reserved 1048576K
}
Event: 1.549 GC heap before
{Heap before GC invocations=1 (full 0):
 garbage-first heap   total 131072K, used 31633K [0x0000000080000000, 0x0000000100000000)
  region size 1024K, 25 young (25600K), 3 survivors (3072K)
 Metaspace       used 10799K, capacity 11005K, committed 11264K, reserved 1058816K
  class space    used 1130K, capacity 1207K, committed 1280K, reserved 1048576K
}
Event: 1.555 GC heap after
{Heap after GC invocations=2 (full 0):
 garbage-first heap   total 131072K, used 9760K [0x0000000080000000, 0x0000000100000000)
  region size 1024K, 1 young (1024K), 1 survivors (1024K)
 Metaspace       used 10799K, capacity 11005K, committed 11264K, reserved 1058816K
  class space    used 1130K, capacity 1207K, committed 1280K, reserved 1048576K
}
Event: 3.541 GC heap before
{Heap before GC invocations=2 (full 0):
 garbage-first heap   total 131072K, used 61984K [0x0000000080000000, 0x0000000100000000)
  region size 1024K, 52 young (53248K), 1 survivors (1024K)
 Metaspace       used 17618K, capacity 17986K, committed 18176K, reserved 1064960K
  class space    used 2083K, capacity 2217K, committed 2304K, reserved 1048576K
}
Event: 3.550 GC heap after
{Heap after GC invocations=3 (full 0):
 garbage-first heap   total 131072K, used 16018K [0x0000000080000000, 0x0000000100000000)
  region size 1024K, 7 young (7168K), 7 survivors (7168K)
 Metaspace       used 17618K, capacity 17986K, committed 18176K, reserved 1064960K
  class space    used 2083K, capacity 2217K, committed 2304K, reserved 1048576K
}
Event: 4.167 GC heap before
{Heap before GC invocations=3 (full 0):
 garbage-first heap   total 131072K, used 40594K [0x0000000080000000, 0x0000000100000000)
  region size 1024K, 32 young (32768K), 7 survivors (7168K)
 Metaspace       used 20677K, capacity 21069K, committed 21248K, reserved 1067008K
  class space    used 2535K, capacity 2691K, committed 2816K, reserved 1048576K
}
Event: 4.181 GC heap after
{Heap after GC invocations=4 (full 0):
 garbage-first heap   total 131072K, used 17101K [0x0000000080000000, 0x0000000100000000)
  region size 1024K, 2 young (2048K), 2 survivors (2048K)
 Metaspace       used 20677K, capacity 21069K, committed 21248K, reserved 1067008K
  class space    used 2535K, capacity 2691K, committed 2816K, reserved 1048576K
}
Event: 5.798 GC heap before
{Heap before GC invocations=5 (full 0):
 garbage-first heap   total 131072K, used 70349K [0x0000000080000000, 0x0000000100000000)
  region size 1024K, 54 young (55296K), 2 survivors (2048K)
 Metaspace       used 26064K, capacity 26630K, committed 26752K, reserved 1073152K
  class space    used 3402K, capacity 3615K, committed 3712K, reserved 1048576K
}
Event: 5.804 GC heap after
{Heap after GC invocations=6 (full 0):
 garbage-first heap   total 131072K, used 18812K [0x0000000080000000, 0x0000000100000000)
  region size 1024K, 3 young (3072K), 3 survivors (3072K)
 Metaspace       used 26064K, capacity 26630K, committed 26752K, reserved 1073152K
  class space    used 3402K, capacity 3615K, committed 3712K, reserved 1048576K
}
Event: 7.782 GC heap before
{Heap before GC invocations=6 (full 0):
 garbage-first heap   total 131072K, used 78204K [0x0000000080000000, 0x0000000100000000)
  region size 1024K, 62 young (63488K), 3 survivors (3072K)
 Metaspace       used 35052K, capacity 35786K, committed 35840K, reserved 1081344K
  class space    used 4551K, capacity 4863K, committed 4864K, reserved 1048576K
}
Event: 7.804 GC heap after
{Heap after GC invocations=7 (full 0):
 garbage-first heap   total 131072K, used 22425K [0x0000000080000000, 0x0000000100000000)
  region size 1024K, 7 young (7168K), 7 survivors (7168K)
 Metaspace       used 35052K, capacity 35786K, committed 35840K, reserved 1081344K
  class space    used 4551K, capacity 4863K, committed 4864K, reserved 1048576K
}
Event: 9.508 GC heap before
{Heap before GC invocations=8 (full 0):
 garbage-first heap   total 131072K, used 86937K [0x0000000080000000, 0x0000000100000000)
  region size 1024K, 68 young (69632K), 7 survivors (7168K)
 Metaspace       used 39468K, capacity 40405K, committed 40524K, reserved 1085440K
  class space    used 5055K, capacity 5395K, committed 5452K, reserved 1048576K
}
Event: 9.525 GC heap after
{Heap after GC invocations=9 (full 0):
 garbage-first heap   total 157696K, used 27427K [0x0000000080000000, 0x0000000100000000)
  region size 1024K, 9 young (9216K), 9 survivors (9216K)
 Metaspace       used 39468K, capacity 40405K, committed 40524K, reserved 1085440K
  class space    used 5055K, capacity 5395K, committed 5452K, reserved 1048576K
}
Event: 11.939 GC heap before
{Heap before GC invocations=9 (full 0):
 garbage-first heap   total 157696K, used 103203K [0x0000000080000000, 0x0000000100000000)
  region size 1024K, 83 young (84992K), 9 survivors (9216K)
 Metaspace       used 46196K, capacity 47271K, committed 47308K, reserved 1089536K
  class space    used 5943K, capacity 6332K, committed 6348K, reserved 1048576K
}
Event: 11.952 GC heap after
{Heap after GC invocations=10 (full 0):
 garbage-first heap   total 157696K, used 29536K [0x0000000080000000, 0x0000000100000000)
  region size 1024K, 7 young (7168K), 7 survivors (7168K)
 Metaspace       used 46196K, capacity 47271K, committed 47308K, reserved 1089536K
  class space    used 5943K, capacity 6332K, committed 6348K, reserved 1048576K
}

