# JRE version: OpenJDK Runtime Environment (11.0.11+9) (build 11.0.11+9-b60-7590822)
# Java VM: OpenJDK 64-Bit Server VM (11.0.11+9-b60-7590822, mixed mode, tiered, compressed oops, g1 gc, windows-amd64)
Heap:
 garbage-first heap   total 131072K, used 38584K [0x0000000080000000, 0x0000000100000000)
  region size 1024K, 25 young (25600K), 7 survivors (7168K)
 Metaspace       used 36353K, capacity 37190K, committed 37324K, reserved 1081344K
  class space    used 4698K, capacity 5011K, committed 5068K, reserved 1048576K
GC Heap History (10 events):
Event: 0.698 GC heap before
{Heap before GC invocations=0 (full 0):
 garbage-first heap   total 131072K, used 29696K [0x0000000080000000, 0x0000000100000000)
  region size 1024K, 24 young (24576K), 0 survivors (0K)
 Metaspace       used 9871K, capacity 10114K, committed 10368K, reserved 1058816K
  class space    used 1028K, capacity 1102K, committed 1152K, reserved 1048576K
}
Event: 0.705 GC heap after
{Heap after GC invocations=1 (full 0):
 garbage-first heap   total 131072K, used 9232K [0x0000000080000000, 0x0000000100000000)
  region size 1024K, 3 young (3072K), 3 survivors (3072K)
 Metaspace       used 9871K, capacity 10114K, committed 10368K, reserved 1058816K
  class space    used 1028K, capacity 1102K, committed 1152K, reserved 1048576K
}
Event: 3.269 GC heap before
{Heap before GC invocations=1 (full 0):
 garbage-first heap   total 131072K, used 83984K [0x0000000080000000, 0x0000000100000000)
  region size 1024K, 76 young (77824K), 3 survivors (3072K)
 Metaspace       used 17600K, capacity 17986K, committed 18176K, reserved 1064960K
  class space    used 2084K, capacity 2217K, committed 2304K, reserved 1048576K
}
Event: 3.277 GC heap after
{Heap after GC invocations=2 (full 0):
 garbage-first heap   total 131072K, used 16115K [0x0000000080000000, 0x0000000100000000)
  region size 1024K, 10 young (10240K), 10 survivors (10240K)
 Metaspace       used 17600K, capacity 17986K, committed 18176K, reserved 1064960K
  class space    used 2084K, capacity 2217K, committed 2304K, reserved 1048576K
}
Event: 3.682 GC heap before
{Heap before GC invocations=2 (full 0):
 garbage-first heap   total 131072K, used 41715K [0x0000000080000000, 0x0000000100000000)
  region size 1024K, 36 young (36864K), 10 survivors (10240K)
 Metaspace       used 20668K, capacity 21075K, committed 21248K, reserved 1067008K
  class space    used 2540K, capacity 2693K, committed 2816K, reserved 1048576K
}
Event: 3.690 GC heap after
{Heap after GC invocations=3 (full 0):
 garbage-first heap   total 131072K, used 16751K [0x0000000080000000, 0x0000000100000000)
  region size 1024K, 2 young (2048K), 2 survivors (2048K)
 Metaspace       used 20668K, capacity 21075K, committed 21248K, reserved 1067008K
  class space    used 2540K, capacity 2693K, committed 2816K, reserved 1048576K
}
Event: 4.376 GC heap before
{Heap before GC invocations=4 (full 0):
 garbage-first heap   total 131072K, used 71023K [0x0000000080000000, 0x0000000100000000)
  region size 1024K, 56 young (57344K), 2 survivors (2048K)
 Metaspace       used 26165K, capacity 26761K, committed 27008K, reserved 1073152K
  class space    used 3424K, capacity 3616K, committed 3712K, reserved 1048576K
}
Event: 4.380 GC heap after
{Heap after GC invocations=5 (full 0):
 garbage-first heap   total 131072K, used 18651K [0x0000000080000000, 0x0000000100000000)
  region size 1024K, 3 young (3072K), 3 survivors (3072K)
 Metaspace       used 26165K, capacity 26761K, committed 27008K, reserved 1073152K
  class space    used 3424K, capacity 3616K, committed 3712K, reserved 1048576K
}
Event: 5.315 GC heap before
{Heap before GC invocations=5 (full 0):
 garbage-first heap   total 131072K, used 77019K [0x0000000080000000, 0x0000000100000000)
  region size 1024K, 61 young (62464K), 3 survivors (3072K)
 Metaspace       used 35021K, capacity 35786K, committed 35840K, reserved 1081344K
  class space    used 4560K, capacity 4863K, committed 4864K, reserved 1048576K
}
Event: 5.326 GC heap after
{Heap after GC invocations=6 (full 0):
 garbage-first heap   total 131072K, used 22200K [0x0000000080000000, 0x0000000100000000)
  region size 1024K, 7 young (7168K), 7 survivors (7168K)
 Metaspace       used 35021K, capacity 35786K, committed 35840K, reserved 1081344K
  class space    used 4560K, capacity 4863K, committed 4864K, reserved 1048576K
}

