# JRE version: OpenJDK Runtime Environment (11.0.11+9) (build 11.0.11+9-b60-7590822)
# Java VM: OpenJDK 64-Bit Server VM (11.0.11+9-b60-7590822, mixed mode, tiered, compressed oops, g1 gc, windows-amd64)
Heap:
 garbage-first heap   total 501760K, used 182691K [0x0000000080000000, 0x0000000100000000)
  region size 1024K, 6 young (6144K), 6 survivors (6144K)
 Metaspace       used 110177K, capacity 112792K, committed 113356K, reserved 1146880K
  class space    used 14048K, capacity 15053K, committed 15308K, reserved 1048576K
GC Heap History (20 events):
Event: 32.875 GC heap after
{Heap after GC invocations=45 (full 0):
 garbage-first heap   total 227328K, used 94055K [0x0000000080000000, 0x0000000100000000)
  region size 1024K, 4 young (4096K), 4 survivors (4096K)
 Metaspace       used 92845K, capacity 94935K, committed 95308K, reserved 1132544K
  class space    used 11691K, capacity 12490K, committed 12620K, reserved 1048576K
}
Event: 33.649 GC heap before
{Heap before GC invocations=45 (full 0):
 garbage-first heap   total 227328K, used 162663K [0x0000000080000000, 0x0000000100000000)
  region size 1024K, 70 young (71680K), 4 survivors (4096K)
 Metaspace       used 93929K, capacity 96001K, committed 96460K, reserved 1132544K
  class space    used 11809K, capacity 12588K, committed 12748K, reserved 1048576K
}
Event: 33.656 GC heap after
{Heap after GC invocations=46 (full 0):
 garbage-first heap   total 227328K, used 91418K [0x0000000080000000, 0x0000000100000000)
  region size 1024K, 3 young (3072K), 3 survivors (3072K)
 Metaspace       used 93929K, capacity 96001K, committed 96460K, reserved 1132544K
  class space    used 11809K, capacity 12588K, committed 12748K, reserved 1048576K
}
Event: 34.996 GC heap before
{Heap before GC invocations=46 (full 0):
 garbage-first heap   total 227328K, used 165146K [0x0000000080000000, 0x0000000100000000)
  region size 1024K, 76 young (77824K), 3 survivors (3072K)
 Metaspace       used 98143K, capacity 100300K, committed 100812K, reserved 1136640K
  class space    used 12322K, capacity 13117K, committed 13260K, reserved 1048576K
}
Event: 35.007 GC heap after
{Heap after GC invocations=47 (full 0):
 garbage-first heap   total 273408K, used 94258K [0x0000000080000000, 0x0000000100000000)
  region size 1024K, 6 young (6144K), 6 survivors (6144K)
 Metaspace       used 98143K, capacity 100300K, committed 100812K, reserved 1136640K
  class space    used 12322K, capacity 13117K, committed 13260K, reserved 1048576K
}
Event: 36.728 GC heap before
{Heap before GC invocations=47 (full 0):
 garbage-first heap   total 273408K, used 191538K [0x0000000080000000, 0x0000000100000000)
  region size 1024K, 100 young (102400K), 6 survivors (6144K)
 Metaspace       used 99868K, capacity 102035K, committed 102220K, reserved 1138688K
  class space    used 12507K, capacity 13296K, committed 13388K, reserved 1048576K
}
Event: 36.744 GC heap after
{Heap after GC invocations=48 (full 0):
 garbage-first heap   total 273408K, used 109729K [0x0000000080000000, 0x0000000100000000)
  region size 1024K, 13 young (13312K), 13 survivors (13312K)
 Metaspace       used 99868K, capacity 102035K, committed 102220K, reserved 1138688K
  class space    used 12507K, capacity 13296K, committed 13388K, reserved 1048576K
}
Event: 37.562 GC heap before
{Heap before GC invocations=48 (full 0):
 garbage-first heap   total 273408K, used 204961K [0x0000000080000000, 0x0000000100000000)
  region size 1024K, 107 young (109568K), 13 survivors (13312K)
 Metaspace       used 105085K, capacity 107639K, committed 107852K, reserved 1142784K
  class space    used 13311K, capacity 14313K, committed 14412K, reserved 1048576K
}
Event: 37.587 GC heap after
{Heap after GC invocations=49 (full 0):
 garbage-first heap   total 273408K, used 123722K [0x0000000080000000, 0x0000000100000000)
  region size 1024K, 14 young (14336K), 14 survivors (14336K)
 Metaspace       used 105085K, capacity 107639K, committed 107852K, reserved 1142784K
  class space    used 13311K, capacity 14313K, committed 14412K, reserved 1048576K
}
Event: 38.048 GC heap before
{Heap before GC invocations=49 (full 0):
 garbage-first heap   total 273408K, used 206666K [0x0000000080000000, 0x0000000100000000)
  region size 1024K, 95 young (97280K), 14 survivors (14336K)
 Metaspace       used 105639K, capacity 108225K, committed 108492K, reserved 1142784K
  class space    used 13392K, capacity 14407K, committed 14540K, reserved 1048576K
}
Event: 38.090 GC heap after
{Heap after GC invocations=50 (full 0):
 garbage-first heap   total 273408K, used 137893K [0x0000000080000000, 0x0000000100000000)
  region size 1024K, 12 young (12288K), 12 survivors (12288K)
 Metaspace       used 105639K, capacity 108225K, committed 108492K, reserved 1142784K
  class space    used 13392K, capacity 14407K, committed 14540K, reserved 1048576K
}
Event: 38.361 GC heap before
{Heap before GC invocations=50 (full 0):
 garbage-first heap   total 273408K, used 209573K [0x0000000080000000, 0x0000000100000000)
  region size 1024K, 82 young (83968K), 12 survivors (12288K)
 Metaspace       used 106933K, capacity 109593K, committed 109772K, reserved 1144832K
  class space    used 13652K, capacity 14690K, committed 14796K, reserved 1048576K
}
Event: 38.415 GC heap after
{Heap after GC invocations=51 (full 0):
 garbage-first heap   total 336896K, used 152528K [0x0000000080000000, 0x0000000100000000)
  region size 1024K, 11 young (11264K), 11 survivors (11264K)
 Metaspace       used 106933K, capacity 109593K, committed 109772K, reserved 1144832K
  class space    used 13652K, capacity 14690K, committed 14796K, reserved 1048576K
}
Event: 38.923 GC heap before
{Heap before GC invocations=51 (full 0):
 garbage-first heap   total 336896K, used 241616K [0x0000000080000000, 0x0000000100000000)
  region size 1024K, 99 young (101376K), 11 survivors (11264K)
 Metaspace       used 108017K, capacity 110503K, committed 111308K, reserved 1144832K
  class space    used 13753K, capacity 14705K, committed 15052K, reserved 1048576K
}
Event: 38.971 GC heap after
{Heap after GC invocations=52 (full 0):
 garbage-first heap   total 336896K, used 167602K [0x0000000080000000, 0x0000000100000000)
  region size 1024K, 13 young (13312K), 13 survivors (13312K)
 Metaspace       used 108017K, capacity 110503K, committed 111308K, reserved 1144832K
  class space    used 13753K, capacity 14705K, committed 15052K, reserved 1048576K
}
Event: 39.519 GC heap before
{Heap before GC invocations=53 (full 0):
 garbage-first heap   total 336896K, used 251570K [0x0000000080000000, 0x0000000100000000)
  region size 1024K, 96 young (98304K), 13 survivors (13312K)
 Metaspace       used 109232K, capacity 111747K, committed 112460K, reserved 1146880K
  class space    used 13913K, capacity 14873K, committed 15180K, reserved 1048576K
}
Event: 39.564 GC heap after
{Heap after GC invocations=54 (full 0):
 garbage-first heap   total 336896K, used 179526K [0x0000000080000000, 0x0000000100000000)
  region size 1024K, 11 young (11264K), 11 survivors (11264K)
 Metaspace       used 109232K, capacity 111747K, committed 112460K, reserved 1146880K
  class space    used 13913K, capacity 14873K, committed 15180K, reserved 1048576K
}
Event: 39.595 GC heap before
{Heap before GC invocations=54 (full 0):
 garbage-first heap   total 336896K, used 184646K [0x0000000080000000, 0x0000000100000000)
  region size 1024K, 16 young (16384K), 11 survivors (11264K)
 Metaspace       used 109274K, capacity 111811K, committed 112460K, reserved 1146880K
  class space    used 13925K, capacity 14873K, committed 15180K, reserved 1048576K
}
Event: 39.622 GC heap after
{Heap after GC invocations=55 (full 0):
 garbage-first heap   total 336896K, used 179200K [0x0000000080000000, 0x0000000100000000)
  region size 1024K, 2 young (2048K), 2 survivors (2048K)
 Metaspace       used 109274K, capacity 111811K, committed 112460K, reserved 1146880K
  class space    used 13925K, capacity 14873K, committed 15180K, reserved 1048576K
}
Event: 39.978 GC heap before
{Heap before GC invocations=55 (full 0):
 garbage-first heap   total 336896K, used 262144K [0x0000000080000000, 0x0000000100000000)
  region size 1024K, 83 young (84992K), 2 survivors (2048K)
 Metaspace       used 110177K, capacity 112792K, committed 113356K, reserved 1146880K
  class space    used 14048K, capacity 15053K, committed 15308K, reserved 1048576K
}

