# JRE version: OpenJDK Runtime Environment (11.0.11+9) (build 11.0.11+9-b60-7590822)
# Java VM: OpenJDK 64-Bit Server VM (11.0.11+9-b60-7590822, mixed mode, tiered, compressed oops, g1 gc, windows-amd64)
Heap:
 garbage-first heap   total 359424K, used 175253K [0x0000000080000000, 0x0000000100000000)
  region size 1024K, 8 young (8192K), 8 survivors (8192K)
 Metaspace       used 100553K, capacity 103079K, committed 103500K, reserved 1138688K
  class space    used 13219K, capacity 14187K, committed 14412K, reserved 1048576K
GC Heap History (20 events):
Event: 15.001 GC heap after
{Heap after GC invocations=18 (full 0):
 garbage-first heap   total 189440K, used 71975K [0x0000000080000000, 0x0000000100000000)
  region size 1024K, 10 young (10240K), 10 survivors (10240K)
 Metaspace       used 83109K, capacity 85061K, committed 85196K, reserved 1122304K
  class space    used 10897K, capacity 11651K, committed 11724K, reserved 1048576K
}
Event: 16.167 GC heap before
{Heap before GC invocations=18 (full 0):
 garbage-first heap   total 189440K, used 143655K [0x0000000080000000, 0x0000000100000000)
  region size 1024K, 81 young (82944K), 10 survivors (10240K)
 Metaspace       used 85415K, capacity 87558K, committed 87884K, reserved 1124352K
  class space    used 11142K, capacity 11995K, committed 12108K, reserved 1048576K
}
Event: 16.190 GC heap after
{Heap after GC invocations=19 (full 0):
 garbage-first heap   total 189440K, used 77203K [0x0000000080000000, 0x0000000100000000)
  region size 1024K, 11 young (11264K), 11 survivors (11264K)
 Metaspace       used 85415K, capacity 87558K, committed 87884K, reserved 1124352K
  class space    used 11142K, capacity 11995K, committed 12108K, reserved 1048576K
}
Event: 17.282 GC heap before
{Heap before GC invocations=19 (full 0):
 garbage-first heap   total 189440K, used 147859K [0x0000000080000000, 0x0000000100000000)
  region size 1024K, 81 young (82944K), 11 survivors (11264K)
 Metaspace       used 89169K, capacity 91342K, committed 91596K, reserved 1128448K
  class space    used 11601K, capacity 12416K, committed 12492K, reserved 1048576K
}
Event: 17.307 GC heap after
{Heap after GC invocations=20 (full 0):
 garbage-first heap   total 227328K, used 81112K [0x0000000080000000, 0x0000000100000000)
  region size 1024K, 9 young (9216K), 9 survivors (9216K)
 Metaspace       used 89169K, capacity 91342K, committed 91596K, reserved 1128448K
  class space    used 11601K, capacity 12416K, committed 12492K, reserved 1048576K
}
Event: 18.082 GC heap before
{Heap before GC invocations=20 (full 0):
 garbage-first heap   total 227328K, used 171224K [0x0000000080000000, 0x0000000100000000)
  region size 1024K, 96 young (98304K), 9 survivors (9216K)
 Metaspace       used 91015K, capacity 93302K, committed 93388K, reserved 1130496K
  class space    used 11853K, capacity 12702K, committed 12748K, reserved 1048576K
}
Event: 18.103 GC heap after
{Heap after GC invocations=21 (full 0):
 garbage-first heap   total 227328K, used 100821K [0x0000000080000000, 0x0000000100000000)
  region size 1024K, 12 young (12288K), 12 survivors (12288K)
 Metaspace       used 91015K, capacity 93302K, committed 93388K, reserved 1130496K
  class space    used 11853K, capacity 12702K, committed 12748K, reserved 1048576K
}
Event: 18.827 GC heap before
{Heap before GC invocations=21 (full 0):
 garbage-first heap   total 227328K, used 172501K [0x0000000080000000, 0x0000000100000000)
  region size 1024K, 83 young (84992K), 12 survivors (12288K)
 Metaspace       used 94909K, capacity 97378K, committed 97612K, reserved 1134592K
  class space    used 12438K, capacity 13355K, committed 13388K, reserved 1048576K
}
Event: 18.855 GC heap after
{Heap after GC invocations=22 (full 0):
 garbage-first heap   total 227328K, used 112192K [0x0000000080000000, 0x0000000100000000)
  region size 1024K, 11 young (11264K), 11 survivors (11264K)
 Metaspace       used 94909K, capacity 97378K, committed 97612K, reserved 1134592K
  class space    used 12438K, capacity 13355K, committed 13388K, reserved 1048576K
}
Event: 19.147 GC heap before
{Heap before GC invocations=22 (full 0):
 garbage-first heap   total 227328K, used 174656K [0x0000000080000000, 0x0000000100000000)
  region size 1024K, 73 young (74752K), 11 survivors (11264K)
 Metaspace       used 96196K, capacity 98726K, committed 98892K, reserved 1134592K
  class space    used 12633K, capacity 13592K, committed 13644K, reserved 1048576K
}
Event: 19.190 GC heap after
{Heap after GC invocations=23 (full 0):
 garbage-first heap   total 227328K, used 124186K [0x0000000080000000, 0x0000000100000000)
  region size 1024K, 10 young (10240K), 10 survivors (10240K)
 Metaspace       used 96196K, capacity 98726K, committed 98892K, reserved 1134592K
  class space    used 12633K, capacity 13592K, committed 13644K, reserved 1048576K
}
Event: 19.390 GC heap before
{Heap before GC invocations=23 (full 0):
 garbage-first heap   total 227328K, used 179482K [0x0000000080000000, 0x0000000100000000)
  region size 1024K, 66 young (67584K), 10 survivors (10240K)
 Metaspace       used 97065K, capacity 99672K, committed 99788K, reserved 1134592K
  class space    used 12768K, capacity 13751K, committed 13772K, reserved 1048576K
}
Event: 19.436 GC heap after
{Heap after GC invocations=24 (full 0):
 garbage-first heap   total 273408K, used 136040K [0x0000000080000000, 0x0000000100000000)
  region size 1024K, 8 young (8192K), 8 survivors (8192K)
 Metaspace       used 97065K, capacity 99672K, committed 99788K, reserved 1134592K
  class space    used 12768K, capacity 13751K, committed 13772K, reserved 1048576K
}
Event: 19.762 GC heap before
{Heap before GC invocations=24 (full 0):
 garbage-first heap   total 273408K, used 203624K [0x0000000080000000, 0x0000000100000000)
  region size 1024K, 74 young (75776K), 8 survivors (8192K)
 Metaspace       used 98035K, capacity 100667K, committed 100812K, reserved 1136640K
  class space    used 12945K, capacity 13933K, committed 14028K, reserved 1048576K
}
Event: 19.794 GC heap after
{Heap after GC invocations=25 (full 0):
 garbage-first heap   total 273408K, used 149418K [0x0000000080000000, 0x0000000100000000)
  region size 1024K, 10 young (10240K), 10 survivors (10240K)
 Metaspace       used 98035K, capacity 100667K, committed 100812K, reserved 1136640K
  class space    used 12945K, capacity 13933K, committed 14028K, reserved 1048576K
}
Event: 20.205 GC heap before
{Heap before GC invocations=26 (full 0):
 garbage-first heap   total 273408K, used 211882K [0x0000000080000000, 0x0000000100000000)
  region size 1024K, 71 young (72704K), 10 survivors (10240K)
 Metaspace       used 98849K, capacity 101249K, committed 102092K, reserved 1136640K
  class space    used 13032K, capacity 13932K, committed 14284K, reserved 1048576K
}
Event: 20.243 GC heap after
{Heap after GC invocations=27 (full 0):
 garbage-first heap   total 273408K, used 159744K [0x0000000080000000, 0x0000000100000000)
  region size 1024K, 9 young (9216K), 9 survivors (9216K)
 Metaspace       used 98849K, capacity 101249K, committed 102092K, reserved 1136640K
  class space    used 13032K, capacity 13932K, committed 14284K, reserved 1048576K
}
Event: 20.526 GC heap before
{Heap before GC invocations=27 (full 0):
 garbage-first heap   total 273408K, used 219136K [0x0000000080000000, 0x0000000100000000)
  region size 1024K, 67 young (68608K), 9 survivors (9216K)
 Metaspace       used 99591K, capacity 102098K, committed 102860K, reserved 1138688K
  class space    used 13133K, capacity 14063K, committed 14284K, reserved 1048576K
}
Event: 20.557 GC heap after
{Heap after GC invocations=28 (full 0):
 garbage-first heap   total 273408K, used 167171K [0x0000000080000000, 0x0000000100000000)
  region size 1024K, 7 young (7168K), 7 survivors (7168K)
 Metaspace       used 99591K, capacity 102098K, committed 102860K, reserved 1138688K
  class space    used 13133K, capacity 14063K, committed 14284K, reserved 1048576K
}
Event: 21.070 GC heap before
{Heap before GC invocations=28 (full 0):
 garbage-first heap   total 273408K, used 223491K [0x0000000080000000, 0x0000000100000000)
  region size 1024K, 62 young (63488K), 7 survivors (7168K)
 Metaspace       used 100553K, capacity 103079K, committed 103500K, reserved 1138688K
  class space    used 13219K, capacity 14187K, committed 14412K, reserved 1048576K
}

