# JRE version: OpenJDK Runtime Environment (11.0.11+9) (build 11.0.11+9-b60-7590822)
# Java VM: OpenJDK 64-Bit Server VM (11.0.11+9-b60-7590822, mixed mode, tiered, compressed oops, g1 gc, windows-amd64)
Heap:
 garbage-first heap   total 402432K, used 172560K [0x0000000080000000, 0x0000000100000000)
  region size 1024K, 5 young (5120K), 5 survivors (5120K)
 Metaspace       used 100492K, capacity 102992K, committed 103116K, reserved 1138688K
  class space    used 13240K, capacity 14208K, committed 14284K, reserved 1048576K
GC Heap History (20 events):
Event: 14.106 GC heap after
{Heap after GC invocations=20 (full 0):
 garbage-first heap   total 189440K, used 72668K [0x0000000080000000, 0x0000000100000000)
  region size 1024K, 10 young (10240K), 10 survivors (10240K)
 Metaspace       used 83103K, capacity 85066K, committed 85196K, reserved 1122304K
  class space    used 10892K, capacity 11653K, committed 11724K, reserved 1048576K
}
Event: 15.269 GC heap before
{Heap before GC invocations=20 (full 0):
 garbage-first heap   total 189440K, used 142300K [0x0000000080000000, 0x0000000100000000)
  region size 1024K, 79 young (80896K), 10 survivors (10240K)
 Metaspace       used 85177K, capacity 87226K, committed 87500K, reserved 1124352K
  class space    used 11086K, capacity 11907K, committed 11980K, reserved 1048576K
}
Event: 15.288 GC heap after
{Heap after GC invocations=21 (full 0):
 garbage-first heap   total 189440K, used 77295K [0x0000000080000000, 0x0000000100000000)
  region size 1024K, 10 young (10240K), 10 survivors (10240K)
 Metaspace       used 85177K, capacity 87226K, committed 87500K, reserved 1124352K
  class space    used 11086K, capacity 11907K, committed 11980K, reserved 1048576K
}
Event: 16.131 GC heap before
{Heap before GC invocations=21 (full 0):
 garbage-first heap   total 189440K, used 145903K [0x0000000080000000, 0x0000000100000000)
  region size 1024K, 78 young (79872K), 10 survivors (10240K)
 Metaspace       used 88913K, capacity 91005K, committed 91212K, reserved 1128448K
  class space    used 11545K, capacity 12328K, committed 12364K, reserved 1048576K
}
Event: 16.150 GC heap after
{Heap after GC invocations=22 (full 0):
 garbage-first heap   total 227328K, used 81485K [0x0000000080000000, 0x0000000100000000)
  region size 1024K, 9 young (9216K), 9 survivors (9216K)
 Metaspace       used 88913K, capacity 91005K, committed 91212K, reserved 1128448K
  class space    used 11545K, capacity 12328K, committed 12364K, reserved 1048576K
}
Event: 16.702 GC heap before
{Heap before GC invocations=22 (full 0):
 garbage-first heap   total 227328K, used 169549K [0x0000000080000000, 0x0000000100000000)
  region size 1024K, 94 young (96256K), 9 survivors (9216K)
 Metaspace       used 90621K, capacity 92714K, committed 93004K, reserved 1130496K
  class space    used 11774K, capacity 12573K, committed 12620K, reserved 1048576K
}
Event: 16.722 GC heap after
{Heap after GC invocations=23 (full 0):
 garbage-first heap   total 227328K, used 100887K [0x0000000080000000, 0x0000000100000000)
  region size 1024K, 12 young (12288K), 12 survivors (12288K)
 Metaspace       used 90621K, capacity 92714K, committed 93004K, reserved 1130496K
  class space    used 11774K, capacity 12573K, committed 12620K, reserved 1048576K
}
Event: 17.643 GC heap before
{Heap before GC invocations=23 (full 0):
 garbage-first heap   total 227328K, used 171543K [0x0000000080000000, 0x0000000100000000)
  region size 1024K, 82 young (83968K), 12 survivors (12288K)
 Metaspace       used 94156K, capacity 96508K, committed 96716K, reserved 1132544K
  class space    used 12318K, capacity 13218K, committed 13260K, reserved 1048576K
}
Event: 17.683 GC heap after
{Heap after GC invocations=24 (full 0):
 garbage-first heap   total 227328K, used 112927K [0x0000000080000000, 0x0000000100000000)
  region size 1024K, 11 young (11264K), 11 survivors (11264K)
 Metaspace       used 94156K, capacity 96508K, committed 96716K, reserved 1132544K
  class space    used 12318K, capacity 13218K, committed 13260K, reserved 1048576K
}
Event: 17.968 GC heap before
{Heap before GC invocations=24 (full 0):
 garbage-first heap   total 227328K, used 174367K [0x0000000080000000, 0x0000000100000000)
  region size 1024K, 72 young (73728K), 11 survivors (11264K)
 Metaspace       used 95680K, capacity 98081K, committed 98252K, reserved 1134592K
  class space    used 12528K, capacity 13491K, committed 13516K, reserved 1048576K
}
Event: 18.023 GC heap after
{Heap after GC invocations=25 (full 0):
 garbage-first heap   total 227328K, used 124928K [0x0000000080000000, 0x0000000100000000)
  region size 1024K, 9 young (9216K), 9 survivors (9216K)
 Metaspace       used 95680K, capacity 98081K, committed 98252K, reserved 1134592K
  class space    used 12528K, capacity 13491K, committed 13516K, reserved 1048576K
}
Event: 18.526 GC heap before
{Heap before GC invocations=26 (full 0):
 garbage-first heap   total 227328K, used 178176K [0x0000000080000000, 0x0000000100000000)
  region size 1024K, 62 young (63488K), 9 survivors (9216K)
 Metaspace       used 96428K, capacity 98744K, committed 99276K, reserved 1134592K
  class space    used 12650K, capacity 13579K, committed 13772K, reserved 1048576K
}
Event: 18.577 GC heap after
{Heap after GC invocations=27 (full 0):
 garbage-first heap   total 280576K, used 135168K [0x0000000080000000, 0x0000000100000000)
  region size 1024K, 8 young (8192K), 8 survivors (8192K)
 Metaspace       used 96428K, capacity 98744K, committed 99276K, reserved 1134592K
  class space    used 12650K, capacity 13579K, committed 13772K, reserved 1048576K
}
Event: 18.859 GC heap before
{Heap before GC invocations=27 (full 0):
 garbage-first heap   total 280576K, used 204800K [0x0000000080000000, 0x0000000100000000)
  region size 1024K, 77 young (78848K), 8 survivors (8192K)
 Metaspace       used 97318K, capacity 99687K, committed 99916K, reserved 1134592K
  class space    used 12818K, capacity 13764K, committed 13900K, reserved 1048576K
}
Event: 18.912 GC heap after
{Heap after GC invocations=28 (full 0):
 garbage-first heap   total 280576K, used 148751K [0x0000000080000000, 0x0000000100000000)
  region size 1024K, 10 young (10240K), 10 survivors (10240K)
 Metaspace       used 97318K, capacity 99687K, committed 99916K, reserved 1134592K
  class space    used 12818K, capacity 13764K, committed 13900K, reserved 1048576K
}
Event: 19.297 GC heap before
{Heap before GC invocations=28 (full 0):
 garbage-first heap   total 280576K, used 213263K [0x0000000080000000, 0x0000000100000000)
  region size 1024K, 74 young (75776K), 10 survivors (10240K)
 Metaspace       used 98498K, capacity 100985K, committed 101068K, reserved 1136640K
  class space    used 13006K, capacity 13983K, committed 14028K, reserved 1048576K
}
Event: 19.344 GC heap after
{Heap after GC invocations=29 (full 0):
 garbage-first heap   total 280576K, used 160768K [0x0000000080000000, 0x0000000100000000)
  region size 1024K, 10 young (10240K), 10 survivors (10240K)
 Metaspace       used 98498K, capacity 100985K, committed 101068K, reserved 1136640K
  class space    used 13006K, capacity 13983K, committed 14028K, reserved 1048576K
}
Event: 19.823 GC heap before
{Heap before GC invocations=30 (full 0):
 garbage-first heap   total 280576K, used 221184K [0x0000000080000000, 0x0000000100000000)
  region size 1024K, 70 young (71680K), 10 survivors (10240K)
 Metaspace       used 99171K, capacity 101439K, committed 101964K, reserved 1136640K
  class space    used 13050K, capacity 13949K, committed 14156K, reserved 1048576K
}
Event: 19.856 GC heap after
{Heap after GC invocations=31 (full 0):
 garbage-first heap   total 280576K, used 168483K [0x0000000080000000, 0x0000000100000000)
  region size 1024K, 7 young (7168K), 7 survivors (7168K)
 Metaspace       used 99171K, capacity 101439K, committed 101964K, reserved 1136640K
  class space    used 13050K, capacity 13949K, committed 14156K, reserved 1048576K
}
Event: 20.200 GC heap before
{Heap before GC invocations=31 (full 0):
 garbage-first heap   total 280576K, used 226851K [0x0000000080000000, 0x0000000100000000)
  region size 1024K, 64 young (65536K), 7 survivors (7168K)
 Metaspace       used 100492K, capacity 102992K, committed 103116K, reserved 1138688K
  class space    used 13240K, capacity 14208K, committed 14284K, reserved 1048576K
}

